<?xml version="1.0" encoding="UTF-8"?>
<coverage generated="1675328468085" clover="3.2.0">
  <project timestamp="1675328468085" name="All files">
    <metrics statements="48" coveredstatements="36" conditionals="35" coveredconditionals="28" methods="22" coveredmethods="10" elements="105" coveredelements="74" complexity="0" loc="48" ncloc="48" packages="2" files="4" classes="4"/>
    <package name="coinDetails">
      <metrics statements="26" coveredstatements="16" conditionals="17" coveredconditionals="11" methods="13" coveredmethods="3"/>
      <file name="coinChart.tsx" path="/home/ste/Documents/Dev-git/coingecko-frontend/Front/src/coinDetails/coinChart.tsx">
        <metrics statements="22" coveredstatements="12" conditionals="8" coveredconditionals="4" methods="12" coveredmethods="2"/>
        <line num="35" count="1" type="stmt"/>
        <line num="46" count="1" type="stmt"/>
        <line num="48" count="2" type="stmt"/>
        <line num="49" count="2" type="stmt"/>
        <line num="50" count="2" type="stmt"/>
        <line num="52" count="2" type="stmt"/>
        <line num="64" count="2" type="stmt"/>
        <line num="67" count="2" type="stmt"/>
        <line num="69" count="0" type="stmt"/>
        <line num="70" count="0" type="stmt"/>
        <line num="72" count="1" type="stmt"/>
        <line num="75" count="2" type="stmt"/>
        <line num="85" count="0" type="stmt"/>
        <line num="86" count="0" type="stmt"/>
        <line num="94" count="0" type="stmt"/>
        <line num="95" count="0" type="stmt"/>
        <line num="100" count="0" type="stmt"/>
        <line num="101" count="0" type="stmt"/>
        <line num="104" count="2" type="stmt"/>
        <line num="124" count="2" type="stmt"/>
        <line num="132" count="0" type="stmt"/>
        <line num="135" count="0" type="stmt"/>
      </file>
      <file name="coinDetails.tsx" path="/home/ste/Documents/Dev-git/coingecko-frontend/Front/src/coinDetails/coinDetails.tsx">
        <metrics statements="4" coveredstatements="4" conditionals="9" coveredconditionals="7" methods="1" coveredmethods="1"/>
        <line num="15" count="1" type="stmt"/>
        <line num="16" count="4" type="stmt"/>
        <line num="23" count="4" type="cond" truecount="1" falsecount="1"/>
        <line num="25" count="4" type="stmt"/>
      </file>
    </package>
    <package name="coinList">
      <metrics statements="22" coveredstatements="20" conditionals="18" coveredconditionals="17" methods="9" coveredmethods="7"/>
      <file name="coinList.tsx" path="/home/ste/Documents/Dev-git/coingecko-frontend/Front/src/coinList/coinList.tsx">
        <metrics statements="9" coveredstatements="9" conditionals="15" coveredconditionals="14" methods="2" coveredmethods="2"/>
        <line num="21" count="1" type="stmt"/>
        <line num="24" count="19" type="stmt"/>
        <line num="25" count="19" type="cond" truecount="2" falsecount="0"/>
        <line num="26" count="19" type="cond" truecount="2" falsecount="0"/>
        <line num="29" count="19" type="stmt"/>
        <line num="36" count="19" type="stmt"/>
        <line num="44" count="19" type="stmt"/>
        <line num="46" count="19" type="stmt"/>
        <line num="84" count="200" type="stmt"/>
      </file>
      <file name="coinListPager.tsx" path="/home/ste/Documents/Dev-git/coingecko-frontend/Front/src/coinList/coinListPager.tsx">
        <metrics statements="13" coveredstatements="11" conditionals="3" coveredconditionals="3" methods="7" coveredmethods="5"/>
        <line num="12" count="2" type="stmt"/>
        <line num="13" count="18" type="stmt"/>
        <line num="15" count="18" type="stmt"/>
        <line num="16" count="18" type="stmt"/>
        <line num="17" count="18" type="stmt"/>
        <line num="19" count="19" type="stmt"/>
        <line num="22" count="2" type="stmt"/>
        <line num="23" count="2" type="stmt"/>
        <line num="26" count="18" type="stmt"/>
        <line num="32" count="0" type="stmt"/>
        <line num="33" count="0" type="stmt"/>
        <line num="35" count="1" type="stmt"/>
        <line num="36" count="1" type="stmt"/>
      </file>
    </package>
  </project>
</coverage>
