{"/home/ste/Documents/Dev-git/coingecko-frontend/Front/src/store.ts": {"path":"/home/ste/Documents/Dev-git/coingecko-frontend/Front/src/store.ts","statementMap":{"0":{"start":{"line":8,"column":20},"end":{"line":11,"column":2}},"1":{"start":{"line":14,"column":21},"end":{"line":17,"column":2}},"2":{"start":{"line":16,"column":37},"end":{"line":16,"column":87}},"3":{"start":{"line":21,"column":2},"end":{"line":28,"column":4}},"4":{"start":{"line":24,"column":40},"end":{"line":27,"column":37}},"5":{"start":{"line":37,"column":30},"end":{"line":37,"column":62}},"6":{"start":{"line":37,"column":36},"end":{"line":37,"column":62}},"7":{"start":{"line":38,"column":63},"end":{"line":38,"column":74}}},"fnMap":{"0":{"name":"(anonymous_0)","decl":{"start":{"line":16,"column":14},"end":{"line":16,"column":15}},"loc":{"start":{"line":16,"column":37},"end":{"line":16,"column":87}},"line":16},"1":{"name":"setupStore","decl":{"start":{"line":20,"column":16},"end":{"line":20,"column":26}},"loc":{"start":{"line":20,"column":71},"end":{"line":29,"column":1}},"line":20},"2":{"name":"(anonymous_2)","decl":{"start":{"line":24,"column":16},"end":{"line":24,"column":17}},"loc":{"start":{"line":24,"column":40},"end":{"line":27,"column":37}},"line":24},"3":{"name":"(anonymous_3)","decl":{"start":{"line":37,"column":30},"end":{"line":37,"column":31}},"loc":{"start":{"line":37,"column":36},"end":{"line":37,"column":62}},"line":37}},"branchMap":{},"s":{"0":2,"1":2,"2":2,"3":3,"4":3,"5":2,"6":0,"7":2},"f":{"0":2,"1":3,"2":3,"3":0},"b":{},"_coverageSchema":"1a1c01bbd47fc00a2c39e90264f33305004495a9","hash":"cce14ec93da38949e79fc117c05c014b9eeb2024"}
,"/home/ste/Documents/Dev-git/coingecko-frontend/Front/src/coinList/coinList.tsx": {"path":"/home/ste/Documents/Dev-git/coingecko-frontend/Front/src/coinList/coinList.tsx","statementMap":{"0":{"start":{"line":21,"column":17},"end":{"line":125,"column":1}},"1":{"start":{"line":24,"column":42},"end":{"line":24,"column":59}},"2":{"start":{"line":25,"column":15},"end":{"line":25,"column":52}},"3":{"start":{"line":26,"column":19},"end":{"line":26,"column":61}},"4":{"start":{"line":29,"column":18},"end":{"line":29,"column":36}},"5":{"start":{"line":36,"column":6},"end":{"line":36,"column":35}},"6":{"start":{"line":44,"column":6},"end":{"line":44,"column":25}},"7":{"start":{"line":46,"column":2},"end":{"line":124,"column":3}},"8":{"start":{"line":84,"column":20},"end":{"line":115,"column":31}}},"fnMap":{"0":{"name":"(anonymous_0)","decl":{"start":{"line":21,"column":17},"end":{"line":21,"column":18}},"loc":{"start":{"line":21,"column":36},"end":{"line":125,"column":1}},"line":21},"1":{"name":"(anonymous_1)","decl":{"start":{"line":83,"column":27},"end":{"line":83,"column":28}},"loc":{"start":{"line":84,"column":20},"end":{"line":115,"column":31}},"line":84}},"branchMap":{"0":{"loc":{"start":{"line":25,"column":15},"end":{"line":25,"column":52}},"type":"binary-expr","locations":[{"start":{"line":25,"column":15},"end":{"line":25,"column":47}},{"start":{"line":25,"column":51},"end":{"line":25,"column":52}}],"line":25},"1":{"loc":{"start":{"line":26,"column":19},"end":{"line":26,"column":61}},"type":"binary-expr","locations":[{"start":{"line":26,"column":19},"end":{"line":26,"column":55}},{"start":{"line":26,"column":59},"end":{"line":26,"column":61}}],"line":26},"2":{"loc":{"start":{"line":49,"column":8},"end":{"line":49,"column":46}},"type":"binary-expr","locations":[{"start":{"line":49,"column":8},"end":{"line":49,"column":15}},{"start":{"line":49,"column":19},"end":{"line":49,"column":46}}],"line":49},"3":{"loc":{"start":{"line":52,"column":8},"end":{"line":52,"column":51}},"type":"binary-expr","locations":[{"start":{"line":52,"column":8},"end":{"line":52,"column":17}},{"start":{"line":52,"column":21},"end":{"line":52,"column":36}},{"start":{"line":52,"column":40},"end":{"line":52,"column":51}}],"line":52},"4":{"loc":{"start":{"line":55,"column":8},"end":{"line":121,"column":14}},"type":"binary-expr","locations":[{"start":{"line":55,"column":8},"end":{"line":55,"column":12}},{"start":{"line":55,"column":16},"end":{"line":55,"column":26}},{"start":{"line":55,"column":30},"end":{"line":55,"column":39}},{"start":{"line":56,"column":8},"end":{"line":121,"column":14}}],"line":55},"5":{"loc":{"start":{"line":111,"column":41},"end":{"line":111,"column":94}},"type":"cond-expr","locations":[{"start":{"line":111,"column":79},"end":{"line":111,"column":86}},{"start":{"line":111,"column":89},"end":{"line":111,"column":94}}],"line":111}},"s":{"0":1,"1":10,"2":10,"3":10,"4":10,"5":10,"6":10,"7":10,"8":24},"f":{"0":10,"1":24},"b":{"0":[10,10],"1":[10,10],"2":[10,0],"3":[10,6,2],"4":[10,6,4,4],"5":[24,0]},"_coverageSchema":"1a1c01bbd47fc00a2c39e90264f33305004495a9","hash":"6421ae972dbfea1283ccc4b15f7add6ee6c10309"}
,"/home/ste/Documents/Dev-git/coingecko-frontend/Front/src/coinList/coinListPager.tsx": {"path":"/home/ste/Documents/Dev-git/coingecko-frontend/Front/src/coinList/coinListPager.tsx","statementMap":{"0":{"start":{"line":12,"column":14},"end":{"line":44,"column":1}},"1":{"start":{"line":13,"column":30},"end":{"line":13,"column":35}},"2":{"start":{"line":15,"column":48},"end":{"line":15,"column":71}},"3":{"start":{"line":16,"column":19},"end":{"line":16,"column":32}},"4":{"start":{"line":17,"column":16},"end":{"line":17,"column":26}},"5":{"start":{"line":19,"column":19},"end":{"line":19,"column":63}},"6":{"start":{"line":19,"column":37},"end":{"line":19,"column":63}},"7":{"start":{"line":22,"column":16},"end":{"line":22,"column":32}},"8":{"start":{"line":23,"column":4},"end":{"line":23,"column":17}},"9":{"start":{"line":26,"column":2},"end":{"line":43,"column":3}},"10":{"start":{"line":34,"column":55},"end":{"line":34,"column":68}},"11":{"start":{"line":35,"column":55},"end":{"line":35,"column":76}},"12":{"start":{"line":37,"column":74},"end":{"line":37,"column":95}},"13":{"start":{"line":38,"column":74},"end":{"line":38,"column":107}}},"fnMap":{"0":{"name":"(anonymous_0)","decl":{"start":{"line":12,"column":14},"end":{"line":12,"column":15}},"loc":{"start":{"line":12,"column":51},"end":{"line":44,"column":1}},"line":12},"1":{"name":"(anonymous_1)","decl":{"start":{"line":19,"column":19},"end":{"line":19,"column":20}},"loc":{"start":{"line":19,"column":37},"end":{"line":19,"column":63}},"line":19},"2":{"name":"handlePager","decl":{"start":{"line":21,"column":11},"end":{"line":21,"column":22}},"loc":{"start":{"line":21,"column":37},"end":{"line":24,"column":3}},"line":21},"3":{"name":"(anonymous_3)","decl":{"start":{"line":34,"column":49},"end":{"line":34,"column":50}},"loc":{"start":{"line":34,"column":55},"end":{"line":34,"column":68}},"line":34},"4":{"name":"(anonymous_4)","decl":{"start":{"line":35,"column":49},"end":{"line":35,"column":50}},"loc":{"start":{"line":35,"column":55},"end":{"line":35,"column":76}},"line":35},"5":{"name":"(anonymous_5)","decl":{"start":{"line":37,"column":68},"end":{"line":37,"column":69}},"loc":{"start":{"line":37,"column":74},"end":{"line":37,"column":95}},"line":37},"6":{"name":"(anonymous_6)","decl":{"start":{"line":38,"column":68},"end":{"line":38,"column":69}},"loc":{"start":{"line":38,"column":74},"end":{"line":38,"column":107}},"line":38}},"branchMap":{"0":{"loc":{"start":{"line":28,"column":6},"end":{"line":40,"column":13}},"type":"binary-expr","locations":[{"start":{"line":28,"column":6},"end":{"line":28,"column":10}},{"start":{"line":28,"column":14},"end":{"line":28,"column":23}},{"start":{"line":29,"column":6},"end":{"line":40,"column":13}}],"line":28}},"s":{"0":2,"1":7,"2":7,"3":7,"4":7,"5":7,"6":3,"7":0,"8":0,"9":7,"10":0,"11":0,"12":0,"13":0},"f":{"0":7,"1":3,"2":0,"3":0,"4":0,"5":0,"6":0},"b":{"0":[7,1,1]},"_coverageSchema":"1a1c01bbd47fc00a2c39e90264f33305004495a9","hash":"7eb029e3921e09d71920b70422b26db1ef16bd90"}
,"/home/ste/Documents/Dev-git/coingecko-frontend/Front/src/common/error.tsx": {"path":"/home/ste/Documents/Dev-git/coingecko-frontend/Front/src/common/error.tsx","statementMap":{"0":{"start":{"line":11,"column":14},"end":{"line":20,"column":1}},"1":{"start":{"line":12,"column":28},"end":{"line":12,"column":53}},"2":{"start":{"line":14,"column":2},"end":{"line":19,"column":3}}},"fnMap":{"0":{"name":"(anonymous_0)","decl":{"start":{"line":11,"column":14},"end":{"line":11,"column":15}},"loc":{"start":{"line":11,"column":54},"end":{"line":20,"column":1}},"line":11}},"branchMap":{},"s":{"0":2,"1":1,"2":1},"f":{"0":1},"b":{},"_coverageSchema":"1a1c01bbd47fc00a2c39e90264f33305004495a9","hash":"49302aaba231ea0e99977d880218ee4fa047ea68"}
,"/home/ste/Documents/Dev-git/coingecko-frontend/Front/src/common/spinner.tsx": {"path":"/home/ste/Documents/Dev-git/coingecko-frontend/Front/src/common/spinner.tsx","statementMap":{"0":{"start":{"line":5,"column":13},"end":{"line":8,"column":1}},"1":{"start":{"line":10,"column":14},"end":{"line":17,"column":3}},"2":{"start":{"line":10,"column":42},"end":{"line":17,"column":1}},"3":{"start":{"line":19,"column":15},"end":{"line":24,"column":2}},"4":{"start":{"line":26,"column":16},"end":{"line":29,"column":1}},"5":{"start":{"line":27,"column":16},"end":{"line":27,"column":26}},"6":{"start":{"line":28,"column":2},"end":{"line":28,"column":35}}},"fnMap":{"0":{"name":"(anonymous_0)","decl":{"start":{"line":10,"column":28},"end":{"line":10,"column":29}},"loc":{"start":{"line":10,"column":42},"end":{"line":17,"column":1}},"line":10},"1":{"name":"(anonymous_1)","decl":{"start":{"line":26,"column":16},"end":{"line":26,"column":17}},"loc":{"start":{"line":26,"column":22},"end":{"line":29,"column":1}},"line":26}},"branchMap":{"0":{"loc":{"start":{"line":11,"column":24},"end":{"line":11,"column":78}},"type":"cond-expr","locations":[{"start":{"line":11,"column":57},"end":{"line":11,"column":66}},{"start":{"line":11,"column":69},"end":{"line":11,"column":78}}],"line":11}},"s":{"0":2,"1":2,"2":3,"3":2,"4":2,"5":3,"6":3},"f":{"0":3,"1":3},"b":{"0":[3,0]},"_coverageSchema":"1a1c01bbd47fc00a2c39e90264f33305004495a9","hash":"d9142a1338c48311d46bb9e9e7485a5751c22c68"}
}
