{"/home/ste/Documents/Dev-git/coingecko-frontend/Front/src/coinDetails/coinChart.tsx": {"path":"/home/ste/Documents/Dev-git/coingecko-frontend/Front/src/coinDetails/coinChart.tsx","statementMap":{"0":{"start":{"line":35,"column":0},"end":{"line":44,"column":2}},"1":{"start":{"line":46,"column":18},"end":{"line":159,"column":1}},"2":{"start":{"line":48,"column":34},"end":{"line":48,"column":55}},"3":{"start":{"line":49,"column":30},"end":{"line":49,"column":51}},"4":{"start":{"line":50,"column":16},"end":{"line":50,"column":26}},"5":{"start":{"line":52,"column":23},"end":{"line":55,"column":3}},"6":{"start":{"line":64,"column":6},"end":{"line":64,"column":40}},"7":{"start":{"line":67,"column":2},"end":{"line":73,"column":9}},"8":{"start":{"line":69,"column":6},"end":{"line":69,"column":56}},"9":{"start":{"line":69,"column":31},"end":{"line":69,"column":46}},"10":{"start":{"line":70,"column":6},"end":{"line":70,"column":57}},"11":{"start":{"line":70,"column":31},"end":{"line":70,"column":47}},"12":{"start":{"line":72,"column":4},"end":{"line":72,"column":51}},"13":{"start":{"line":75,"column":44},"end":{"line":82,"column":3}},"14":{"start":{"line":85,"column":4},"end":{"line":90,"column":7}},"15":{"start":{"line":86,"column":6},"end":{"line":89,"column":8}},"16":{"start":{"line":94,"column":4},"end":{"line":96,"column":6}},"17":{"start":{"line":95,"column":6},"end":{"line":95,"column":46}},"18":{"start":{"line":100,"column":4},"end":{"line":100,"column":22}},"19":{"start":{"line":101,"column":4},"end":{"line":101,"column":13}},"20":{"start":{"line":104,"column":23},"end":{"line":122,"column":3}},"21":{"start":{"line":124,"column":2},"end":{"line":158,"column":3}},"22":{"start":{"line":132,"column":44},"end":{"line":136,"column":25}},"23":{"start":{"line":135,"column":35},"end":{"line":135,"column":62}}},"fnMap":{"0":{"name":"(anonymous_0)","decl":{"start":{"line":46,"column":18},"end":{"line":46,"column":19}},"loc":{"start":{"line":46,"column":59},"end":{"line":159,"column":1}},"line":46},"1":{"name":"(anonymous_1)","decl":{"start":{"line":67,"column":18},"end":{"line":67,"column":19}},"loc":{"start":{"line":67,"column":24},"end":{"line":73,"column":3}},"line":67},"2":{"name":"handleResize","decl":{"start":{"line":68,"column":13},"end":{"line":68,"column":25}},"loc":{"start":{"line":68,"column":28},"end":{"line":71,"column":5}},"line":68},"3":{"name":"(anonymous_3)","decl":{"start":{"line":69,"column":17},"end":{"line":69,"column":18}},"loc":{"start":{"line":69,"column":29},"end":{"line":69,"column":48}},"line":69},"4":{"name":"(anonymous_4)","decl":{"start":{"line":70,"column":17},"end":{"line":70,"column":18}},"loc":{"start":{"line":70,"column":29},"end":{"line":70,"column":49}},"line":70},"5":{"name":"formatChartData","decl":{"start":{"line":84,"column":11},"end":{"line":84,"column":26}},"loc":{"start":{"line":84,"column":66},"end":{"line":91,"column":3}},"line":84},"6":{"name":"(anonymous_6)","decl":{"start":{"line":85,"column":30},"end":{"line":85,"column":31}},"loc":{"start":{"line":85,"column":63},"end":{"line":90,"column":5}},"line":85},"7":{"name":"formatChartLabels","decl":{"start":{"line":93,"column":11},"end":{"line":93,"column":28}},"loc":{"start":{"line":93,"column":57},"end":{"line":97,"column":3}},"line":93},"8":{"name":"(anonymous_8)","decl":{"start":{"line":94,"column":30},"end":{"line":94,"column":31}},"loc":{"start":{"line":95,"column":6},"end":{"line":95,"column":46}},"line":95},"9":{"name":"durationHandler","decl":{"start":{"line":99,"column":11},"end":{"line":99,"column":26}},"loc":{"start":{"line":99,"column":48},"end":{"line":102,"column":3}},"line":99},"10":{"name":"(anonymous_10)","decl":{"start":{"line":132,"column":36},"end":{"line":132,"column":37}},"loc":{"start":{"line":132,"column":44},"end":{"line":136,"column":25}},"line":132},"11":{"name":"(anonymous_11)","decl":{"start":{"line":135,"column":27},"end":{"line":135,"column":28}},"loc":{"start":{"line":135,"column":33},"end":{"line":135,"column":64}},"line":135}},"branchMap":{"0":{"loc":{"start":{"line":126,"column":7},"end":{"line":126,"column":45}},"type":"binary-expr","locations":[{"start":{"line":126,"column":7},"end":{"line":126,"column":14}},{"start":{"line":126,"column":18},"end":{"line":126,"column":45}}],"line":126},"1":{"loc":{"start":{"line":127,"column":7},"end":{"line":127,"column":31}},"type":"binary-expr","locations":[{"start":{"line":127,"column":7},"end":{"line":127,"column":16}},{"start":{"line":127,"column":20},"end":{"line":127,"column":31}}],"line":127},"2":{"loc":{"start":{"line":128,"column":7},"end":{"line":155,"column":11}},"type":"binary-expr","locations":[{"start":{"line":128,"column":7},"end":{"line":128,"column":11}},{"start":{"line":128,"column":15},"end":{"line":155,"column":11}}],"line":128},"3":{"loc":{"start":{"line":134,"column":27},"end":{"line":134,"column":77}},"type":"cond-expr","locations":[{"start":{"line":134,"column":53},"end":{"line":134,"column":63}},{"start":{"line":134,"column":66},"end":{"line":134,"column":77}}],"line":134}},"s":{"0":1,"1":1,"2":2,"3":2,"4":2,"5":2,"6":2,"7":2,"8":0,"9":0,"10":0,"11":0,"12":1,"13":2,"14":0,"15":0,"16":0,"17":0,"18":0,"19":0,"20":2,"21":2,"22":0,"23":0},"f":{"0":2,"1":1,"2":0,"3":0,"4":0,"5":0,"6":0,"7":0,"8":0,"9":0,"10":0,"11":0},"b":{"0":[2,0],"1":[2,2],"2":[2,0],"3":[0,0]},"_coverageSchema":"1a1c01bbd47fc00a2c39e90264f33305004495a9","hash":"75446802a76e288e513ef27d270ee3ff5de65196"}
,"/home/ste/Documents/Dev-git/coingecko-frontend/Front/src/coinDetails/coinDetails.tsx": {"path":"/home/ste/Documents/Dev-git/coingecko-frontend/Front/src/coinDetails/coinDetails.tsx","statementMap":{"0":{"start":{"line":15,"column":20},"end":{"line":59,"column":1}},"1":{"start":{"line":16,"column":17},"end":{"line":16,"column":28}},"2":{"start":{"line":23,"column":6},"end":{"line":23,"column":39}},"3":{"start":{"line":25,"column":2},"end":{"line":58,"column":3}}},"fnMap":{"0":{"name":"(anonymous_0)","decl":{"start":{"line":15,"column":20},"end":{"line":15,"column":21}},"loc":{"start":{"line":15,"column":39},"end":{"line":59,"column":1}},"line":15}},"branchMap":{"0":{"loc":{"start":{"line":23,"column":26},"end":{"line":23,"column":38}},"type":"cond-expr","locations":[{"start":{"line":23,"column":31},"end":{"line":23,"column":33}},{"start":{"line":23,"column":36},"end":{"line":23,"column":38}}],"line":23},"1":{"loc":{"start":{"line":28,"column":8},"end":{"line":28,"column":46}},"type":"binary-expr","locations":[{"start":{"line":28,"column":8},"end":{"line":28,"column":15}},{"start":{"line":28,"column":19},"end":{"line":28,"column":46}}],"line":28},"2":{"loc":{"start":{"line":31,"column":8},"end":{"line":31,"column":32}},"type":"binary-expr","locations":[{"start":{"line":31,"column":8},"end":{"line":31,"column":17}},{"start":{"line":31,"column":21},"end":{"line":31,"column":32}}],"line":31},"3":{"loc":{"start":{"line":34,"column":8},"end":{"line":55,"column":11}},"type":"binary-expr","locations":[{"start":{"line":34,"column":8},"end":{"line":34,"column":12}},{"start":{"line":34,"column":16},"end":{"line":34,"column":25}},{"start":{"line":34,"column":29},"end":{"line":55,"column":11}}],"line":34}},"s":{"0":1,"1":4,"2":4,"3":4},"f":{"0":4},"b":{"0":[4,0],"1":[4,0],"2":[4,2],"3":[4,2,2]},"_coverageSchema":"1a1c01bbd47fc00a2c39e90264f33305004495a9","hash":"ac2a427c12febbde50aa34bd4d02cc322fb26f85"}
,"/home/ste/Documents/Dev-git/coingecko-frontend/Front/src/coinList/coinList.tsx": {"path":"/home/ste/Documents/Dev-git/coingecko-frontend/Front/src/coinList/coinList.tsx","statementMap":{"0":{"start":{"line":21,"column":17},"end":{"line":125,"column":1}},"1":{"start":{"line":24,"column":42},"end":{"line":24,"column":59}},"2":{"start":{"line":25,"column":15},"end":{"line":25,"column":52}},"3":{"start":{"line":26,"column":19},"end":{"line":26,"column":61}},"4":{"start":{"line":29,"column":18},"end":{"line":29,"column":36}},"5":{"start":{"line":36,"column":6},"end":{"line":36,"column":35}},"6":{"start":{"line":44,"column":6},"end":{"line":44,"column":25}},"7":{"start":{"line":46,"column":2},"end":{"line":124,"column":3}},"8":{"start":{"line":84,"column":20},"end":{"line":115,"column":31}}},"fnMap":{"0":{"name":"(anonymous_0)","decl":{"start":{"line":21,"column":17},"end":{"line":21,"column":18}},"loc":{"start":{"line":21,"column":36},"end":{"line":125,"column":1}},"line":21},"1":{"name":"(anonymous_1)","decl":{"start":{"line":83,"column":27},"end":{"line":83,"column":28}},"loc":{"start":{"line":84,"column":20},"end":{"line":115,"column":31}},"line":84}},"branchMap":{"0":{"loc":{"start":{"line":25,"column":15},"end":{"line":25,"column":52}},"type":"binary-expr","locations":[{"start":{"line":25,"column":15},"end":{"line":25,"column":47}},{"start":{"line":25,"column":51},"end":{"line":25,"column":52}}],"line":25},"1":{"loc":{"start":{"line":26,"column":19},"end":{"line":26,"column":61}},"type":"binary-expr","locations":[{"start":{"line":26,"column":19},"end":{"line":26,"column":55}},{"start":{"line":26,"column":59},"end":{"line":26,"column":61}}],"line":26},"2":{"loc":{"start":{"line":49,"column":8},"end":{"line":49,"column":46}},"type":"binary-expr","locations":[{"start":{"line":49,"column":8},"end":{"line":49,"column":15}},{"start":{"line":49,"column":19},"end":{"line":49,"column":46}}],"line":49},"3":{"loc":{"start":{"line":52,"column":8},"end":{"line":52,"column":51}},"type":"binary-expr","locations":[{"start":{"line":52,"column":8},"end":{"line":52,"column":17}},{"start":{"line":52,"column":21},"end":{"line":52,"column":36}},{"start":{"line":52,"column":40},"end":{"line":52,"column":51}}],"line":52},"4":{"loc":{"start":{"line":55,"column":8},"end":{"line":121,"column":14}},"type":"binary-expr","locations":[{"start":{"line":55,"column":8},"end":{"line":55,"column":12}},{"start":{"line":55,"column":16},"end":{"line":55,"column":26}},{"start":{"line":55,"column":30},"end":{"line":55,"column":39}},{"start":{"line":56,"column":8},"end":{"line":121,"column":14}}],"line":55},"5":{"loc":{"start":{"line":111,"column":41},"end":{"line":111,"column":94}},"type":"cond-expr","locations":[{"start":{"line":111,"column":79},"end":{"line":111,"column":86}},{"start":{"line":111,"column":89},"end":{"line":111,"column":94}}],"line":111}},"s":{"0":1,"1":19,"2":19,"3":19,"4":19,"5":19,"6":19,"7":19,"8":200},"f":{"0":19,"1":200},"b":{"0":[19,15],"1":[19,19],"2":[19,0],"3":[19,13,3],"4":[19,13,10,8],"5":[160,40]},"_coverageSchema":"1a1c01bbd47fc00a2c39e90264f33305004495a9","hash":"6421ae972dbfea1283ccc4b15f7add6ee6c10309"}
,"/home/ste/Documents/Dev-git/coingecko-frontend/Front/src/coinList/coinListPager.tsx": {"path":"/home/ste/Documents/Dev-git/coingecko-frontend/Front/src/coinList/coinListPager.tsx","statementMap":{"0":{"start":{"line":12,"column":14},"end":{"line":42,"column":1}},"1":{"start":{"line":13,"column":30},"end":{"line":13,"column":35}},"2":{"start":{"line":15,"column":48},"end":{"line":15,"column":71}},"3":{"start":{"line":16,"column":19},"end":{"line":16,"column":32}},"4":{"start":{"line":17,"column":16},"end":{"line":17,"column":26}},"5":{"start":{"line":19,"column":19},"end":{"line":19,"column":81}},"6":{"start":{"line":19,"column":55},"end":{"line":19,"column":81}},"7":{"start":{"line":22,"column":16},"end":{"line":22,"column":32}},"8":{"start":{"line":23,"column":4},"end":{"line":23,"column":17}},"9":{"start":{"line":26,"column":2},"end":{"line":41,"column":3}},"10":{"start":{"line":32,"column":57},"end":{"line":32,"column":70}},"11":{"start":{"line":33,"column":57},"end":{"line":33,"column":78}},"12":{"start":{"line":35,"column":86},"end":{"line":35,"column":107}},"13":{"start":{"line":36,"column":86},"end":{"line":36,"column":129}}},"fnMap":{"0":{"name":"(anonymous_0)","decl":{"start":{"line":12,"column":14},"end":{"line":12,"column":15}},"loc":{"start":{"line":12,"column":51},"end":{"line":42,"column":1}},"line":12},"1":{"name":"(anonymous_1)","decl":{"start":{"line":19,"column":19},"end":{"line":19,"column":20}},"loc":{"start":{"line":19,"column":55},"end":{"line":19,"column":81}},"line":19},"2":{"name":"handlePager","decl":{"start":{"line":21,"column":11},"end":{"line":21,"column":22}},"loc":{"start":{"line":21,"column":37},"end":{"line":24,"column":3}},"line":21},"3":{"name":"(anonymous_3)","decl":{"start":{"line":32,"column":51},"end":{"line":32,"column":52}},"loc":{"start":{"line":32,"column":57},"end":{"line":32,"column":70}},"line":32},"4":{"name":"(anonymous_4)","decl":{"start":{"line":33,"column":51},"end":{"line":33,"column":52}},"loc":{"start":{"line":33,"column":57},"end":{"line":33,"column":78}},"line":33},"5":{"name":"(anonymous_5)","decl":{"start":{"line":35,"column":80},"end":{"line":35,"column":81}},"loc":{"start":{"line":35,"column":86},"end":{"line":35,"column":107}},"line":35},"6":{"name":"(anonymous_6)","decl":{"start":{"line":36,"column":80},"end":{"line":36,"column":81}},"loc":{"start":{"line":36,"column":86},"end":{"line":36,"column":129}},"line":36}},"branchMap":{"0":{"loc":{"start":{"line":29,"column":8},"end":{"line":38,"column":15}},"type":"binary-expr","locations":[{"start":{"line":29,"column":8},"end":{"line":29,"column":12}},{"start":{"line":29,"column":16},"end":{"line":29,"column":25}},{"start":{"line":30,"column":8},"end":{"line":38,"column":15}}],"line":29}},"s":{"0":2,"1":18,"2":18,"3":18,"4":18,"5":18,"6":19,"7":2,"8":2,"9":18,"10":0,"11":0,"12":1,"13":1},"f":{"0":18,"1":19,"2":2,"3":0,"4":0,"5":1,"6":1},"b":{"0":[18,6,6]},"_coverageSchema":"1a1c01bbd47fc00a2c39e90264f33305004495a9","hash":"f2a5dbd059896b85d3fb501c2b032e6d081a86aa"}
}
