TN:
SF:src/store.ts
FN:16,(anonymous_0)
FN:20,setupStore
FN:24,(anonymous_2)
FN:37,(anonymous_3)
FNF:4
FNH:3
FNDA:2,(anonymous_0)
FNDA:3,setupStore
FNDA:3,(anonymous_2)
FNDA:0,(anonymous_3)
DA:8,2
DA:14,2
DA:16,2
DA:21,3
DA:24,3
DA:37,2
DA:38,2
LF:7
LH:7
BRF:0
BRH:0
end_of_record
TN:
SF:src/coinList/coinList.tsx
FN:21,(anonymous_0)
FN:83,(anonymous_1)
FNF:2
FNH:2
FNDA:10,(anonymous_0)
FNDA:24,(anonymous_1)
DA:21,1
DA:24,10
DA:25,10
DA:26,10
DA:29,10
DA:36,10
DA:44,10
DA:46,10
DA:84,24
LF:9
LH:9
BRDA:25,0,0,10
BRDA:25,0,1,10
BRDA:26,1,0,10
BRDA:26,1,1,10
BRDA:49,2,0,10
BRDA:49,2,1,0
BRDA:52,3,0,10
BRDA:52,3,1,6
BRDA:52,3,2,2
BRDA:55,4,0,10
BRDA:55,4,1,6
BRDA:55,4,2,4
BRDA:55,4,3,4
BRDA:111,5,0,24
BRDA:111,5,1,0
BRF:15
BRH:13
end_of_record
TN:
SF:src/coinList/coinListPager.tsx
FN:12,(anonymous_0)
FN:19,(anonymous_1)
FN:21,handlePager
FN:34,(anonymous_3)
FN:35,(anonymous_4)
FN:37,(anonymous_5)
FN:38,(anonymous_6)
FNF:7
FNH:2
FNDA:7,(anonymous_0)
FNDA:3,(anonymous_1)
FNDA:0,handlePager
FNDA:0,(anonymous_3)
FNDA:0,(anonymous_4)
FNDA:0,(anonymous_5)
FNDA:0,(anonymous_6)
DA:12,2
DA:13,7
DA:15,7
DA:16,7
DA:17,7
DA:19,7
DA:22,0
DA:23,0
DA:26,7
DA:34,0
DA:35,0
DA:37,0
DA:38,0
LF:13
LH:7
BRDA:28,0,0,7
BRDA:28,0,1,1
BRDA:28,0,2,1
BRF:3
BRH:3
end_of_record
TN:
SF:src/common/error.tsx
FN:11,(anonymous_0)
FNF:1
FNH:1
FNDA:1,(anonymous_0)
DA:11,2
DA:12,1
DA:14,1
LF:3
LH:3
BRF:0
BRH:0
end_of_record
TN:
SF:src/common/spinner.tsx
FN:10,(anonymous_0)
FN:26,(anonymous_1)
FNF:2
FNH:2
FNDA:3,(anonymous_0)
FNDA:3,(anonymous_1)
DA:5,2
DA:10,3
DA:19,2
DA:26,2
DA:27,3
DA:28,3
LF:6
LH:6
BRDA:11,0,0,3
BRDA:11,0,1,0
BRF:2
BRH:1
end_of_record
