TN:
SF:src/coinDetails/coinChart.tsx
FN:46,(anonymous_0)
FN:67,(anonymous_1)
FN:68,handleResize
FN:69,(anonymous_3)
FN:70,(anonymous_4)
FN:84,formatChartData
FN:85,(anonymous_6)
FN:93,formatChartLabels
FN:94,(anonymous_8)
FN:99,durationHandler
FN:132,(anonymous_10)
FN:135,(anonymous_11)
FNF:12
FNH:2
FNDA:2,(anonymous_0)
FNDA:1,(anonymous_1)
FNDA:0,handleResize
FNDA:0,(anonymous_3)
FNDA:0,(anonymous_4)
FNDA:0,formatChartData
FNDA:0,(anonymous_6)
FNDA:0,formatChartLabels
FNDA:0,(anonymous_8)
FNDA:0,durationHandler
FNDA:0,(anonymous_10)
FNDA:0,(anonymous_11)
DA:35,1
DA:46,1
DA:48,2
DA:49,2
DA:50,2
DA:52,2
DA:64,2
DA:67,2
DA:69,0
DA:70,0
DA:72,1
DA:75,2
DA:85,0
DA:86,0
DA:94,0
DA:95,0
DA:100,0
DA:101,0
DA:104,2
DA:124,2
DA:132,0
DA:135,0
LF:22
LH:12
BRDA:126,0,0,2
BRDA:126,0,1,0
BRDA:127,1,0,2
BRDA:127,1,1,2
BRDA:128,2,0,2
BRDA:128,2,1,0
BRDA:134,3,0,0
BRDA:134,3,1,0
BRF:8
BRH:4
end_of_record
TN:
SF:src/coinDetails/coinDetails.tsx
FN:15,(anonymous_0)
FNF:1
FNH:1
FNDA:4,(anonymous_0)
DA:15,1
DA:16,4
DA:23,4
DA:25,4
LF:4
LH:4
BRDA:23,0,0,4
BRDA:23,0,1,0
BRDA:28,1,0,4
BRDA:28,1,1,0
BRDA:31,2,0,4
BRDA:31,2,1,2
BRDA:34,3,0,4
BRDA:34,3,1,2
BRDA:34,3,2,2
BRF:9
BRH:7
end_of_record
TN:
SF:src/coinList/coinList.tsx
FN:21,(anonymous_0)
FN:83,(anonymous_1)
FNF:2
FNH:2
FNDA:19,(anonymous_0)
FNDA:200,(anonymous_1)
DA:21,1
DA:24,19
DA:25,19
DA:26,19
DA:29,19
DA:36,19
DA:44,19
DA:46,19
DA:84,200
LF:9
LH:9
BRDA:25,0,0,19
BRDA:25,0,1,15
BRDA:26,1,0,19
BRDA:26,1,1,19
BRDA:49,2,0,19
BRDA:49,2,1,0
BRDA:52,3,0,19
BRDA:52,3,1,13
BRDA:52,3,2,3
BRDA:55,4,0,19
BRDA:55,4,1,13
BRDA:55,4,2,10
BRDA:55,4,3,8
BRDA:111,5,0,160
BRDA:111,5,1,40
BRF:15
BRH:14
end_of_record
TN:
SF:src/coinList/coinListPager.tsx
FN:12,(anonymous_0)
FN:19,(anonymous_1)
FN:21,handlePager
FN:32,(anonymous_3)
FN:33,(anonymous_4)
FN:35,(anonymous_5)
FN:36,(anonymous_6)
FNF:7
FNH:5
FNDA:18,(anonymous_0)
FNDA:19,(anonymous_1)
FNDA:2,handlePager
FNDA:0,(anonymous_3)
FNDA:0,(anonymous_4)
FNDA:1,(anonymous_5)
FNDA:1,(anonymous_6)
DA:12,2
DA:13,18
DA:15,18
DA:16,18
DA:17,18
DA:19,19
DA:22,2
DA:23,2
DA:26,18
DA:32,0
DA:33,0
DA:35,1
DA:36,1
LF:13
LH:11
BRDA:29,0,0,18
BRDA:29,0,1,6
BRDA:29,0,2,6
BRF:3
BRH:3
end_of_record
